

Microchip MPLAB XC8 Assembler V2.36 build 20220127204148 
                                                                                               Tue Jan 10 16:12:47 2023

Microchip MPLAB XC8 C Compiler v2.36 (Free license) build 20220127204148 Og1 
     1                           	processor	16F1719
     2                           	pagewidth 120
     3                           	opt	flic
     4                           	psect	cinit,global,class=CODE,merge=1,delta=2
     5                           	psect	cstackCOMMON,global,class=COMMON,space=1,delta=1,noexec
     6                           	psect	maintext,global,class=CODE,merge=1,split=1,delta=2
     7                           	psect	text1,local,class=CODE,merge=1,delta=2
     8                           	psect	idloc,global,abs,ovrld,class=IDLOC,space=5,delta=2,noexec
     9                           	psect	config,global,abs,ovrld,class=CONFIG,space=4,delta=2,noexec
    10                           	dabs	1,0x7E,2
    11  0000                     
    12                           ; Version 2.40
    13                           ; Generated 17/11/2021 GMT
    14                           ; 
    15                           ; Copyright © 2021, Microchip Technology Inc. and its subsidiaries ("Microchip")
    16                           ; All rights reserved.
    17                           ; 
    18                           ; This software is developed by Microchip Technology Inc. and its subsidiaries ("Microch
      +                          ip").
    19                           ; 
    20                           ; Redistribution and use in source and binary forms, with or without modification, are
    21                           ; permitted provided that the following conditions are met:
    22                           ; 
    23                           ;     1. Redistributions of source code must retain the above copyright notice, this lis
      +                          t of
    24                           ;        conditions and the following disclaimer.
    25                           ; 
    26                           ;     2. Redistributions in binary form must reproduce the above copyright notice, this 
      +                          list
    27                           ;        of conditions and the following disclaimer in the documentation and/or other
    28                           ;        materials provided with the distribution. Publication is not required when
    29                           ;        this file is used in an embedded application.
    30                           ; 
    31                           ;     3. Microchip's name may not be used to endorse or promote products derived from th
      +                          is
    32                           ;        software without specific prior written permission.
    33                           ; 
    34                           ; THIS SOFTWARE IS PROVIDED BY MICROCHIP "AS IS" AND ANY EXPRESS OR IMPLIED WARRANTIES,
    35                           ; INCLUDING, BUT NOT LIMITED TO, THE IMPLIED WARRANTIES OF MERCHANTABILITY AND FITNESS F
      +                          OR
    36                           ; PURPOSE ARE DISCLAIMED.  IN NO EVENT SHALL MICROCHIP BE LIABLE FOR ANY DIRECT, INDIREC
      +                          T,
    37                           ; INCIDENTAL, SPECIAL, EXEMPLARY, OR CONSEQUENTIAL DAMAGES (INCLUDING BUT NOT LIMITED TO
    38                           ; PROCUREMENT OF SUBSTITUTE GOODS OR SERVICES; LOSS OF USE, DATA OR PROFITS; OR BUSINESS
    39                           ; INTERRUPTION) HOWSOEVER CAUSED AND ON ANY THEORY OF LIABILITY, WHETHER IN CONTRACT, ST
      +                          RICT
    40                           ; LIABILITY, OR TORT (INCLUDING NEGLIGENCE OR OTHERWISE) ARISING IN ANY WAY OUT OF THE U
      +                          SE OF
    41                           ; THIS SOFTWARE, EVEN IF ADVISED OF THE POSSIBILITY OF SUCH DAMAGE.
    42                           ; 
    43                           ; 
    44                           ; Code-generator required, PIC16F1719 Definitions
    45                           ; 
    46                           ; SFR Addresses
    47  0000                     	;# 
    48  0001                     	;# 
    49  0002                     	;# 
    50  0003                     	;# 
    51  0004                     	;# 
    52  0005                     	;# 
    53  0006                     	;# 
    54  0007                     	;# 
    55  0008                     	;# 
    56  0009                     	;# 
    57  000A                     	;# 
    58  000B                     	;# 
    59  000C                     	;# 
    60  000D                     	;# 
    61  000E                     	;# 
    62  000F                     	;# 
    63  0010                     	;# 
    64  0011                     	;# 
    65  0012                     	;# 
    66  0013                     	;# 
    67  0015                     	;# 
    68  0016                     	;# 
    69  0016                     	;# 
    70  0017                     	;# 
    71  0018                     	;# 
    72  0019                     	;# 
    73  001A                     	;# 
    74  001B                     	;# 
    75  001C                     	;# 
    76  008C                     	;# 
    77  008D                     	;# 
    78  008E                     	;# 
    79  008F                     	;# 
    80  0090                     	;# 
    81  0091                     	;# 
    82  0092                     	;# 
    83  0093                     	;# 
    84  0095                     	;# 
    85  0096                     	;# 
    86  0097                     	;# 
    87  0098                     	;# 
    88  0099                     	;# 
    89  009A                     	;# 
    90  009B                     	;# 
    91  009B                     	;# 
    92  009C                     	;# 
    93  009D                     	;# 
    94  009E                     	;# 
    95  009F                     	;# 
    96  010C                     	;# 
    97  010D                     	;# 
    98  010E                     	;# 
    99  010F                     	;# 
   100  0110                     	;# 
   101  0111                     	;# 
   102  0112                     	;# 
   103  0113                     	;# 
   104  0114                     	;# 
   105  0115                     	;# 
   106  0116                     	;# 
   107  0117                     	;# 
   108  0118                     	;# 
   109  0119                     	;# 
   110  011A                     	;# 
   111  011B                     	;# 
   112  011B                     	;# 
   113  011C                     	;# 
   114  018C                     	;# 
   115  018D                     	;# 
   116  018E                     	;# 
   117  018F                     	;# 
   118  0190                     	;# 
   119  0191                     	;# 
   120  0191                     	;# 
   121  0192                     	;# 
   122  0193                     	;# 
   123  0193                     	;# 
   124  0194                     	;# 
   125  0195                     	;# 
   126  0196                     	;# 
   127  0197                     	;# 
   128  0199                     	;# 
   129  0199                     	;# 
   130  0199                     	;# 
   131  019A                     	;# 
   132  019A                     	;# 
   133  019A                     	;# 
   134  019B                     	;# 
   135  019B                     	;# 
   136  019B                     	;# 
   137  019B                     	;# 
   138  019B                     	;# 
   139  019C                     	;# 
   140  019C                     	;# 
   141  019C                     	;# 
   142  019D                     	;# 
   143  019D                     	;# 
   144  019D                     	;# 
   145  019E                     	;# 
   146  019E                     	;# 
   147  019E                     	;# 
   148  019F                     	;# 
   149  019F                     	;# 
   150  019F                     	;# 
   151  019F                     	;# 
   152  019F                     	;# 
   153  020C                     	;# 
   154  020D                     	;# 
   155  020E                     	;# 
   156  020F                     	;# 
   157  0210                     	;# 
   158  0211                     	;# 
   159  0211                     	;# 
   160  0212                     	;# 
   161  0212                     	;# 
   162  0213                     	;# 
   163  0213                     	;# 
   164  0214                     	;# 
   165  0214                     	;# 
   166  0215                     	;# 
   167  0215                     	;# 
   168  0215                     	;# 
   169  0215                     	;# 
   170  0216                     	;# 
   171  0216                     	;# 
   172  0217                     	;# 
   173  0217                     	;# 
   174  028C                     	;# 
   175  028D                     	;# 
   176  028E                     	;# 
   177  028F                     	;# 
   178  0290                     	;# 
   179  0291                     	;# 
   180  0291                     	;# 
   181  0292                     	;# 
   182  0293                     	;# 
   183  0293                     	;# 
   184  0298                     	;# 
   185  0298                     	;# 
   186  0299                     	;# 
   187  029A                     	;# 
   188  029A                     	;# 
   189  029E                     	;# 
   190  030C                     	;# 
   191  030D                     	;# 
   192  030E                     	;# 
   193  030F                     	;# 
   194  0310                     	;# 
   195  038C                     	;# 
   196  038D                     	;# 
   197  038E                     	;# 
   198  038F                     	;# 
   199  0390                     	;# 
   200  0391                     	;# 
   201  0392                     	;# 
   202  0393                     	;# 
   203  0394                     	;# 
   204  0395                     	;# 
   205  0396                     	;# 
   206  0397                     	;# 
   207  0398                     	;# 
   208  0399                     	;# 
   209  039D                     	;# 
   210  039E                     	;# 
   211  039F                     	;# 
   212  0415                     	;# 
   213  0416                     	;# 
   214  0417                     	;# 
   215  041C                     	;# 
   216  041D                     	;# 
   217  041E                     	;# 
   218  0498                     	;# 
   219  0498                     	;# 
   220  0499                     	;# 
   221  049A                     	;# 
   222  049B                     	;# 
   223  049B                     	;# 
   224  049C                     	;# 
   225  049D                     	;# 
   226  049E                     	;# 
   227  049F                     	;# 
   228  0511                     	;# 
   229  0515                     	;# 
   230  0617                     	;# 
   231  0618                     	;# 
   232  0619                     	;# 
   233  0619                     	;# 
   234  061A                     	;# 
   235  061B                     	;# 
   236  061C                     	;# 
   237  061C                     	;# 
   238  0691                     	;# 
   239  0692                     	;# 
   240  0693                     	;# 
   241  0694                     	;# 
   242  0695                     	;# 
   243  0696                     	;# 
   244  0697                     	;# 
   245  0698                     	;# 
   246  0699                     	;# 
   247  069A                     	;# 
   248  069B                     	;# 
   249  069C                     	;# 
   250  069D                     	;# 
   251  069E                     	;# 
   252  069F                     	;# 
   253  0E0F                     	;# 
   254  0E10                     	;# 
   255  0E11                     	;# 
   256  0E12                     	;# 
   257  0E13                     	;# 
   258  0E14                     	;# 
   259  0E15                     	;# 
   260  0E17                     	;# 
   261  0E20                     	;# 
   262  0E21                     	;# 
   263  0E22                     	;# 
   264  0E24                     	;# 
   265  0E25                     	;# 
   266  0E28                     	;# 
   267  0E29                     	;# 
   268  0E2A                     	;# 
   269  0E2B                     	;# 
   270  0E90                     	;# 
   271  0E91                     	;# 
   272  0E92                     	;# 
   273  0E93                     	;# 
   274  0E94                     	;# 
   275  0E95                     	;# 
   276  0E96                     	;# 
   277  0E97                     	;# 
   278  0E98                     	;# 
   279  0E99                     	;# 
   280  0E9A                     	;# 
   281  0E9B                     	;# 
   282  0E9C                     	;# 
   283  0E9D                     	;# 
   284  0E9E                     	;# 
   285  0E9F                     	;# 
   286  0EA0                     	;# 
   287  0EA1                     	;# 
   288  0EA2                     	;# 
   289  0EA3                     	;# 
   290  0EA4                     	;# 
   291  0EA5                     	;# 
   292  0EA6                     	;# 
   293  0EA7                     	;# 
   294  0EA8                     	;# 
   295  0EA9                     	;# 
   296  0EAA                     	;# 
   297  0EAB                     	;# 
   298  0EAC                     	;# 
   299  0EAD                     	;# 
   300  0EAE                     	;# 
   301  0EAF                     	;# 
   302  0EB0                     	;# 
   303  0EB1                     	;# 
   304  0EB2                     	;# 
   305  0F0F                     	;# 
   306  0F10                     	;# 
   307  0F11                     	;# 
   308  0F12                     	;# 
   309  0F13                     	;# 
   310  0F14                     	;# 
   311  0F15                     	;# 
   312  0F16                     	;# 
   313  0F17                     	;# 
   314  0F18                     	;# 
   315  0F19                     	;# 
   316  0F1A                     	;# 
   317  0F1B                     	;# 
   318  0F1C                     	;# 
   319  0F1D                     	;# 
   320  0F1E                     	;# 
   321  0F1F                     	;# 
   322  0F20                     	;# 
   323  0F21                     	;# 
   324  0F22                     	;# 
   325  0F23                     	;# 
   326  0F24                     	;# 
   327  0F25                     	;# 
   328  0F26                     	;# 
   329  0F27                     	;# 
   330  0F28                     	;# 
   331  0F29                     	;# 
   332  0F2A                     	;# 
   333  0F2B                     	;# 
   334  0F2C                     	;# 
   335  0F2D                     	;# 
   336  0F2E                     	;# 
   337  0F2F                     	;# 
   338  0F30                     	;# 
   339  0F31                     	;# 
   340  0F32                     	;# 
   341  0F33                     	;# 
   342  0F34                     	;# 
   343  0F35                     	;# 
   344  0F36                     	;# 
   345  0F37                     	;# 
   346  0FE4                     	;# 
   347  0FE5                     	;# 
   348  0FE6                     	;# 
   349  0FE7                     	;# 
   350  0FE8                     	;# 
   351  0FE9                     	;# 
   352  0FEA                     	;# 
   353  0FEB                     	;# 
   354  0FED                     	;# 
   355  0FEE                     	;# 
   356  0FEF                     	;# 
   357  0011                     _PIR1bits	set	17
   358  001A                     _TMR2	set	26
   359  0011                     _PIR1	set	17
   360  001B                     _PR2	set	27
   361  001C                     _T2CON	set	28
   362  008D                     _TRISB	set	141
   363  008F                     _TRISD	set	143
   364  010D                     _LATBbits	set	269
   365  010F                     _LATDbits	set	271
   366  010F                     _LATD	set	271
   367                           
   368                           	psect	cinit
   369  07FD                     start_initialization:	
   370                           ; #config settings
   371                           
   372  07FD                     __initialization:
   373  07FD                     end_of_initialization:	
   374                           ;End of C runtime variable initialization code
   375                           
   376  07FD                     __end_of__initialization:
   377  07FD  0020               	movlb	0
   378  07FE  3187  2F85         	ljmp	_main	;jump to C main() function
   379                           
   380                           	psect	cstackCOMMON
   381  0070                     __pcstackCOMMON:
   382  0070                     ?_horloge:
   383  0070                     ??_horloge:	
   384                           ; 1 bytes @ 0x0
   385                           
   386  0070                     ?_main:	
   387                           ; 1 bytes @ 0x0
   388                           
   389                           
   390                           ; 1 bytes @ 0x0
   391  0070                     	ds	1
   392  0071                     horloge@i:
   393                           
   394                           ; 2 bytes @ 0x1
   395  0071                     	ds	2
   396  0073                     ??_main:
   397                           
   398                           ; 1 bytes @ 0x3
   399  0073                     	ds	1
   400                           
   401                           	psect	maintext
   402  0785                     __pmaintext:	
   403 ;;
   404 ;;Main: autosize = 0, tempsize = 1, incstack = 0, save=0
   405 ;;
   406 ;; *************** function _main *****************
   407 ;; Defined at:
   408 ;;		line 8 in file "template.c"
   409 ;; Parameters:    Size  Location     Type
   410 ;;		None
   411 ;; Auto vars:     Size  Location     Type
   412 ;;		None
   413 ;; Return value:  Size  Location     Type
   414 ;;                  1    wreg      void 
   415 ;; Registers used:
   416 ;;		wreg, status,2, status,0, pclath, cstack
   417 ;; Tracked objects:
   418 ;;		On entry : B1F/0
   419 ;;		On exit  : 0/0
   420 ;;		Unchanged: 0/0
   421 ;; Data sizes:     COMMON   BANK0   BANK1   BANK2   BANK3   BANK4   BANK5   BANK6   BANK7   BANK8   BANK9  BANK10  BANK1
      +1  BANK12  BANK13  BANK14  BANK15  BANK16  BANK17  BANK18  BANK19  BANK20  BANK21  BANK22  BANK23  BANK24  BANK25
   422 ;;      Params:         0       0       0       0       0       0       0       0       0       0       0       0       
      +0       0       0       0       0       0       0       0       0       0       0       0       0       0       0
   423 ;;      Locals:         0       0       0       0       0       0       0       0       0       0       0       0       
      +0       0       0       0       0       0       0       0       0       0       0       0       0       0       0
   424 ;;      Temps:          1       0       0       0       0       0       0       0       0       0       0       0       
      +0       0       0       0       0       0       0       0       0       0       0       0       0       0       0
   425 ;;      Totals:         1       0       0       0       0       0       0       0       0       0       0       0       
      +0       0       0       0       0       0       0       0       0       0       0       0       0       0       0
   426 ;;Total ram usage:        1 bytes
   427 ;; Hardware stack levels required when called: 1
   428 ;; This function calls:
   429 ;;		_horloge
   430 ;; This function is called by:
   431 ;;		Startup code after reset
   432 ;; This function uses a non-reentrant model
   433 ;;
   434                           
   435  0785                     _main:	
   436                           ;psect for function _main
   437                           
   438  0785                     l574:	
   439                           ;incstack = 0
   440                           ; Regs used in _main: [wreg+status,2+status,0+pclath+cstack]
   441                           
   442                           
   443                           ;template.c: 11:     TRISD &= 0xF0;
   444  0785  30F0               	movlw	240
   445  0786  00F3               	movwf	??_main
   446  0787  0873               	movf	??_main,w
   447  0788  0021               	movlb	1	; select bank1
   448  0789  058F               	andwf	15,f	;volatile
   449                           
   450                           ;template.c: 12:     TRISB &= 0xF0;
   451  078A  30F0               	movlw	240
   452  078B  00F3               	movwf	??_main
   453  078C  0873               	movf	??_main,w
   454  078D  058D               	andwf	13,f	;volatile
   455  078E                     l576:
   456                           
   457                           ;template.c: 14:     T2CON = 0x7F;
   458  078E  307F               	movlw	127
   459  078F  0020               	movlb	0	; select bank0
   460  0790  009C               	movwf	28	;volatile
   461  0791                     l578:
   462                           
   463                           ;template.c: 15:     PR2 = 249;
   464  0791  30F9               	movlw	249
   465  0792  009B               	movwf	27	;volatile
   466  0793                     l580:
   467                           
   468                           ;template.c: 16:     PIR1 = 0x02;
   469  0793  3002               	movlw	2
   470  0794  0091               	movwf	17	;volatile
   471  0795                     l582:
   472                           
   473                           ;template.c: 25:         LATD = 0x00;
   474  0795  0022               	movlb	2	; select bank2
   475  0796  018F               	clrf	15	;volatile
   476  0797                     l584:
   477                           
   478                           ;template.c: 26:         LATDbits.LATD0 = 1;
   479  0797  140F               	bsf	15,0	;volatile
   480  0798                     l586:
   481                           
   482                           ;template.c: 27:         horloge();
   483  0798  3187  2767  3187   	fcall	_horloge
   484  079B                     l588:
   485                           
   486                           ;template.c: 28:         LATDbits.LATD0 = 0;
   487  079B  0022               	movlb	2	; select bank2
   488  079C  100F               	bcf	15,0	;volatile
   489  079D                     l590:
   490                           
   491                           ;template.c: 29:         horloge();
   492  079D  3187  2767  3187   	fcall	_horloge
   493  07A0                     l592:
   494                           
   495                           ;template.c: 30:         LATDbits.LATD1 = 1;
   496  07A0  0022               	movlb	2	; select bank2
   497  07A1  148F               	bsf	15,1	;volatile
   498  07A2                     l594:
   499                           
   500                           ;template.c: 31:         horloge();
   501  07A2  3187  2767  3187   	fcall	_horloge
   502  07A5                     l596:
   503                           
   504                           ;template.c: 32:         LATDbits.LATD1 = 0;
   505  07A5  0022               	movlb	2	; select bank2
   506  07A6  108F               	bcf	15,1	;volatile
   507  07A7                     l598:
   508                           
   509                           ;template.c: 33:         horloge();
   510  07A7  3187  2767  3187   	fcall	_horloge
   511  07AA                     l600:
   512                           
   513                           ;template.c: 34:         LATDbits.LATD2 = 1;
   514  07AA  0022               	movlb	2	; select bank2
   515  07AB  150F               	bsf	15,2	;volatile
   516  07AC                     l602:
   517                           
   518                           ;template.c: 35:         horloge();
   519  07AC  3187  2767  3187   	fcall	_horloge
   520  07AF                     l604:
   521                           
   522                           ;template.c: 36:         LATDbits.LATD2 = 0;
   523  07AF  0022               	movlb	2	; select bank2
   524  07B0  110F               	bcf	15,2	;volatile
   525  07B1                     l606:
   526                           
   527                           ;template.c: 37:         horloge();
   528  07B1  3187  2767  3187   	fcall	_horloge
   529  07B4                     l608:
   530                           
   531                           ;template.c: 38:         LATDbits.LATD3 = 1;
   532  07B4  0022               	movlb	2	; select bank2
   533  07B5  158F               	bsf	15,3	;volatile
   534  07B6                     l610:
   535                           
   536                           ;template.c: 39:         horloge();
   537  07B6  3187  2767  3187   	fcall	_horloge
   538  07B9                     l612:
   539                           
   540                           ;template.c: 40:         LATDbits.LATD3 = 0;
   541  07B9  0022               	movlb	2	; select bank2
   542  07BA  118F               	bcf	15,3	;volatile
   543  07BB                     l614:
   544                           
   545                           ;template.c: 41:         horloge();
   546  07BB  3187  2767  3187   	fcall	_horloge
   547  07BE                     l616:
   548                           
   549                           ;template.c: 42:         LATDbits.LATD4 = 1;
   550  07BE  0022               	movlb	2	; select bank2
   551  07BF  160F               	bsf	15,4	;volatile
   552  07C0                     l618:
   553                           
   554                           ;template.c: 43:         horloge();
   555  07C0  3187  2767  3187   	fcall	_horloge
   556  07C3                     l620:
   557                           
   558                           ;template.c: 44:         LATDbits.LATD4 = 0;
   559  07C3  0022               	movlb	2	; select bank2
   560  07C4  120F               	bcf	15,4	;volatile
   561  07C5                     l622:
   562                           
   563                           ;template.c: 45:         horloge();
   564  07C5  3187  2767  3187   	fcall	_horloge
   565  07C8                     l624:
   566                           
   567                           ;template.c: 46:         LATBbits.LATB0 = 1;
   568  07C8  0022               	movlb	2	; select bank2
   569  07C9  140D               	bsf	13,0	;volatile
   570  07CA                     l626:
   571                           
   572                           ;template.c: 47:         horloge();
   573  07CA  3187  2767  3187   	fcall	_horloge
   574  07CD                     l628:
   575                           
   576                           ;template.c: 48:         LATBbits.LATB0 = 0;
   577  07CD  0022               	movlb	2	; select bank2
   578  07CE  100D               	bcf	13,0	;volatile
   579  07CF                     l630:
   580                           
   581                           ;template.c: 49:         horloge();
   582  07CF  3187  2767  3187   	fcall	_horloge
   583  07D2                     l632:
   584                           
   585                           ;template.c: 50:         LATBbits.LATB1 = 1;
   586  07D2  0022               	movlb	2	; select bank2
   587  07D3  148D               	bsf	13,1	;volatile
   588  07D4                     l634:
   589                           
   590                           ;template.c: 51:         horloge();
   591  07D4  3187  2767  3187   	fcall	_horloge
   592  07D7                     l636:
   593                           
   594                           ;template.c: 52:         LATBbits.LATB1 = 0;
   595  07D7  0022               	movlb	2	; select bank2
   596  07D8  108D               	bcf	13,1	;volatile
   597  07D9                     l638:
   598                           
   599                           ;template.c: 53:         horloge();
   600  07D9  3187  2767  3187   	fcall	_horloge
   601  07DC                     l640:
   602                           
   603                           ;template.c: 54:         LATBbits.LATB2 = 1;
   604  07DC  0022               	movlb	2	; select bank2
   605  07DD  150D               	bsf	13,2	;volatile
   606  07DE                     l642:
   607                           
   608                           ;template.c: 55:         horloge();
   609  07DE  3187  2767  3187   	fcall	_horloge
   610  07E1                     l644:
   611                           
   612                           ;template.c: 56:         LATBbits.LATB2 = 0;
   613  07E1  0022               	movlb	2	; select bank2
   614  07E2  110D               	bcf	13,2	;volatile
   615  07E3                     l646:
   616                           
   617                           ;template.c: 57:         horloge();
   618  07E3  3187  2767  3187   	fcall	_horloge
   619  07E6                     l648:
   620                           
   621                           ;template.c: 58:         LATBbits.LATB3 = 1;
   622  07E6  0022               	movlb	2	; select bank2
   623  07E7  158D               	bsf	13,3	;volatile
   624  07E8                     l650:
   625                           
   626                           ;template.c: 59:         horloge();
   627  07E8  3187  2767  3187   	fcall	_horloge
   628  07EB                     l652:
   629                           
   630                           ;template.c: 60:         LATDbits.LATD3 = 0;
   631  07EB  0022               	movlb	2	; select bank2
   632  07EC  118F               	bcf	15,3	;volatile
   633  07ED                     l654:
   634                           
   635                           ;template.c: 61:         horloge();
   636  07ED  3187  2767  3187   	fcall	_horloge
   637  07F0                     l656:
   638                           
   639                           ;template.c: 62:         LATDbits.LATD4 = 1;
   640  07F0  0022               	movlb	2	; select bank2
   641  07F1  160F               	bsf	15,4	;volatile
   642  07F2                     l658:
   643                           
   644                           ;template.c: 63:         horloge();
   645  07F2  3187  2767  3187   	fcall	_horloge
   646  07F5                     l660:
   647                           
   648                           ;template.c: 64:         LATDbits.LATD4 = 0;
   649  07F5  0022               	movlb	2	; select bank2
   650  07F6  120F               	bcf	15,4	;volatile
   651  07F7                     l662:
   652                           
   653                           ;template.c: 65:         horloge();
   654  07F7  3187  2767  3187   	fcall	_horloge
   655  07FA  2F95               	goto	l582
   656  07FB  3180  2803         	ljmp	start
   657  07FD                     __end_of_main:
   658                           
   659                           	psect	text1
   660  0767                     __ptext1:	
   661 ;; *************** function _horloge *****************
   662 ;; Defined at:
   663 ;;		line 74 in file "template.c"
   664 ;; Parameters:    Size  Location     Type
   665 ;;		None
   666 ;; Auto vars:     Size  Location     Type
   667 ;;  i               2    1[COMMON] int 
   668 ;; Return value:  Size  Location     Type
   669 ;;                  1    wreg      void 
   670 ;; Registers used:
   671 ;;		wreg, status,2
   672 ;; Tracked objects:
   673 ;;		On entry : 0/0
   674 ;;		On exit  : 0/0
   675 ;;		Unchanged: 0/0
   676 ;; Data sizes:     COMMON   BANK0   BANK1   BANK2   BANK3   BANK4   BANK5   BANK6   BANK7   BANK8   BANK9  BANK10  BANK1
      +1  BANK12  BANK13  BANK14  BANK15  BANK16  BANK17  BANK18  BANK19  BANK20  BANK21  BANK22  BANK23  BANK24  BANK25
   677 ;;      Params:         0       0       0       0       0       0       0       0       0       0       0       0       
      +0       0       0       0       0       0       0       0       0       0       0       0       0       0       0
   678 ;;      Locals:         2       0       0       0       0       0       0       0       0       0       0       0       
      +0       0       0       0       0       0       0       0       0       0       0       0       0       0       0
   679 ;;      Temps:          1       0       0       0       0       0       0       0       0       0       0       0       
      +0       0       0       0       0       0       0       0       0       0       0       0       0       0       0
   680 ;;      Totals:         3       0       0       0       0       0       0       0       0       0       0       0       
      +0       0       0       0       0       0       0       0       0       0       0       0       0       0       0
   681 ;;Total ram usage:        3 bytes
   682 ;; Hardware stack levels used: 1
   683 ;; This function calls:
   684 ;;		Nothing
   685 ;; This function is called by:
   686 ;;		_main
   687 ;; This function uses a non-reentrant model
   688 ;;
   689                           
   690  0767                     _horloge:	
   691                           ;psect for function _horloge
   692                           
   693  0767                     l564:	
   694                           ;incstack = 0
   695                           ; Regs used in _horloge: [wreg+status,2]
   696                           
   697                           
   698                           ;template.c: 75:     for (int i = 0; i < 1; i++){
   699  0767  01F1               	clrf	horloge@i
   700  0768  01F2               	clrf	horloge@i+1
   701  0769                     l570:
   702  0769  0020               	movlb	0	; select bank0
   703  076A  081A               	movf	26,w	;volatile
   704  076B  061B               	xorwf	27,w	;volatile
   705  076C  1D03               	skipz
   706  076D  2F6F               	goto	u11
   707  076E  2F70               	goto	u10
   708  076F                     u11:
   709  076F  2F69               	goto	l570
   710  0770                     u10:
   711  0770                     l37:
   712                           
   713                           ;template.c: 77:         PIR1bits.TMR2IF = 0;
   714  0770  1091               	bcf	17,1	;volatile
   715  0771                     l572:
   716                           
   717                           ;template.c: 78:         PR2 = 249;
   718  0771  30F9               	movlw	249
   719  0772  009B               	movwf	27	;volatile
   720                           
   721                           ;template.c: 80:     }
   722  0773  3001               	movlw	1
   723  0774  07F1               	addwf	horloge@i,f
   724  0775  3000               	movlw	0
   725  0776  3DF2               	addwfc	horloge@i+1,f
   726  0777  0872               	movf	horloge@i+1,w
   727  0778  3A80               	xorlw	128
   728  0779  00F0               	movwf	??_horloge
   729  077A  3080               	movlw	128
   730  077B  0270               	subwf	??_horloge,w
   731  077C  1D03               	skipz
   732  077D  2F80               	goto	u25
   733  077E  3001               	movlw	1
   734  077F  0271               	subwf	horloge@i,w
   735  0780                     u25:
   736  0780  1C03               	skipc
   737  0781  2F83               	goto	u21
   738  0782  2F84               	goto	u20
   739  0783                     u21:
   740  0783  2F69               	goto	l570
   741  0784                     u20:
   742  0784                     l38:
   743  0784  0008               	return
   744  0785                     __end_of_horloge:
   745  007E                     btemp	set	126	;btemp
   746  007E                     wtemp0	set	126
   747                           
   748                           	psect	idloc
   749                           
   750                           ;Config register IDLOC0 @ 0x8000
   751                           ;	unspecified, using default values
   752  8000                     	org	32768
   753  8000  3FFF               	dw	16383
   754                           
   755                           ;Config register IDLOC1 @ 0x8001
   756                           ;	unspecified, using default values
   757  8001                     	org	32769
   758  8001  3FFF               	dw	16383
   759                           
   760                           ;Config register IDLOC2 @ 0x8002
   761                           ;	unspecified, using default values
   762  8002                     	org	32770
   763  8002  3FFF               	dw	16383
   764                           
   765                           ;Config register IDLOC3 @ 0x8003
   766                           ;	unspecified, using default values
   767  8003                     	org	32771
   768  8003  3FFF               	dw	16383
   769                           
   770                           	psect	config
   771                           
   772                           ;Config register CONFIG1 @ 0x8007
   773                           ;	Oscillator Selection Bits
   774                           ;	FOSC = HS, HS Oscillator, High-speed crystal/resonator connected between OSC1 and OSC2
      +                           pins
   775                           ;	Watchdog Timer Enable
   776                           ;	WDTE = SWDTEN, WDT controlled by the SWDTEN bit in the WDTCON register
   777                           ;	Power-up Timer Enable
   778                           ;	PWRTE = OFF, PWRT disabled
   779                           ;	MCLR Pin Function Select
   780                           ;	MCLRE = ON, MCLR/VPP pin function is MCLR
   781                           ;	Flash Program Memory Code Protection
   782                           ;	CP = OFF, Program memory code protection is disabled
   783                           ;	Brown-out Reset Enable
   784                           ;	BOREN = ON, Brown-out Reset enabled
   785                           ;	Clock Out Enable
   786                           ;	CLKOUTEN = OFF, CLKOUT function is disabled. I/O or oscillator function on the CLKOUT 
      +                          pin
   787                           ;	Internal/External Switchover Mode
   788                           ;	IESO = ON, Internal/External Switchover Mode is enabled
   789                           ;	Fail-Safe Clock Monitor Enable
   790                           ;	FCMEN = ON, Fail-Safe Clock Monitor is enabled
   791  8007                     	org	32775
   792  8007  3FEA               	dw	16362
   793                           
   794                           ;Config register CONFIG2 @ 0x8008
   795                           ;	Flash Memory Self-Write Protection
   796                           ;	WRT = OFF, Write protection off
   797                           ;	Peripheral Pin Select one-way control
   798                           ;	PPS1WAY = OFF, The PPSLOCK bit can be set and cleared repeatedly by software
   799                           ;	Zero-cross detect disable
   800                           ;	ZCDDIS = ON, Zero-cross detect circuit is disabled at POR and can be enabled with ZCDS
      +                          EN bit.
   801                           ;	Phase Lock Loop enable
   802                           ;	PLLEN = OFF, 4x PLL is enabled when software sets the SPLLEN bit
   803                           ;	Stack Overflow/Underflow Reset Enable
   804                           ;	STVREN = ON, Stack Overflow or Underflow will cause a Reset
   805                           ;	Brown-out Reset Voltage Selection
   806                           ;	BORV = LO, Brown-out Reset Voltage (Vbor), low trip point selected.
   807                           ;	Low-Power Brown Out Reset
   808                           ;	LPBOR = OFF, Low-Power BOR is disabled
   809                           ;	Low-Voltage Programming Enable
   810                           ;	LVP = OFF, High-voltage on MCLR/VPP must be used for programming
   811  8008                     	org	32776
   812  8008  1EFB               	dw	7931

Data Sizes:
    Strings     0
    Constant    0
    Data        0
    BSS         0
    Persistent  32
    Stack       0

Auto Spaces:
    Space          Size  Autos    Used
    COMMON           14      4       4
    BANK0            80      0       0
    BANK1            80      0       0
    BANK2            80      0       0
    BANK3            80      0       0
    BANK4            80      0       0
    BANK5            80      0       0
    BANK6            80      0       0
    BANK7            80      0       0
    BANK8            80      0       0
    BANK9            80      0       0
    BANK10           80      0       0
    BANK11           80      0       0
    BANK12           80      0       0
    BANK13           80      0       0
    BANK14           80      0       0
    BANK15           80      0       0
    BANK16           80      0       0
    BANK17           80      0       0
    BANK18           80      0       0
    BANK19           80      0       0
    BANK20           80      0       0
    BANK21           80      0       0
    BANK22           80      0       0
    BANK23           80      0       0
    BANK24           80      0       0
    BANK25           32      0       0

Pointer List with Targets:

    None.

Critical Paths under _main in COMMON

    _main->_horloge

Critical Paths under _main in BANK0

    None.

Critical Paths under _main in BANK1

    None.

Critical Paths under _main in BANK2

    None.

Critical Paths under _main in BANK3

    None.

Critical Paths under _main in BANK4

    None.

Critical Paths under _main in BANK5

    None.

Critical Paths under _main in BANK6

    None.

Critical Paths under _main in BANK7

    None.

Critical Paths under _main in BANK8

    None.

Critical Paths under _main in BANK9

    None.

Critical Paths under _main in BANK10

    None.

Critical Paths under _main in BANK11

    None.

Critical Paths under _main in BANK12

    None.

Critical Paths under _main in BANK13

    None.

Critical Paths under _main in BANK14

    None.

Critical Paths under _main in BANK15

    None.

Critical Paths under _main in BANK16

    None.

Critical Paths under _main in BANK17

    None.

Critical Paths under _main in BANK18

    None.

Critical Paths under _main in BANK19

    None.

Critical Paths under _main in BANK20

    None.

Critical Paths under _main in BANK21

    None.

Critical Paths under _main in BANK22

    None.

Critical Paths under _main in BANK23

    None.

Critical Paths under _main in BANK24

    None.

Critical Paths under _main in BANK25

    None.

Call Graph Tables:

 ---------------------------------------------------------------------------------
 (Depth) Function   	        Calls       Base Space   Used Autos Params    Refs
 ---------------------------------------------------------------------------------
 (0) _main                                                 1     1      0      30
                                              3 COMMON     1     1      0
                            _horloge
 ---------------------------------------------------------------------------------
 (1) _horloge                                              3     3      0      30
                                              0 COMMON     3     3      0
 ---------------------------------------------------------------------------------
 Estimated maximum stack depth 1
 ---------------------------------------------------------------------------------

 Call Graph Graphs:

 _main (ROOT)
   _horloge

 Address spaces:
Name               Size   Autos  Total    Cost      Usage
BIGRAM             7F0      0       0       0        0.0%
NULL                 0      0       0       0        0.0%
CODE                 0      0       0       0        0.0%
BITCOMMON            E      0       0       1        0.0%
BITSFR0              0      0       0       1        0.0%
SFR0                 0      0       0       1        0.0%
COMMON               E      4       4       2       28.6%
BITSFR1              0      0       0       2        0.0%
SFR1                 0      0       0       2        0.0%
BITSFR2              0      0       0       3        0.0%
SFR2                 0      0       0       3        0.0%
STACK                0      0       0       3        0.0%
BITBANK0            50      0       0       4        0.0%
BITSFR3              0      0       0       4        0.0%
SFR3                 0      0       0       4        0.0%
BANK0               50      0       0       5        0.0%
BITSFR4              0      0       0       5        0.0%
SFR4                 0      0       0       5        0.0%
BITBANK1            50      0       0       6        0.0%
BITSFR5              0      0       0       6        0.0%
SFR5                 0      0       0       6        0.0%
BANK1               50      0       0       7        0.0%
BITSFR6              0      0       0       7        0.0%
SFR6                 0      0       0       7        0.0%
BITBANK2            50      0       0       8        0.0%
BITSFR7              0      0       0       8        0.0%
SFR7                 0      0       0       8        0.0%
BANK2               50      0       0       9        0.0%
BITSFR8              0      0       0       9        0.0%
SFR8                 0      0       0       9        0.0%
BITBANK3            50      0       0      10        0.0%
BITSFR9              0      0       0      10        0.0%
SFR9                 0      0       0      10        0.0%
BANK3               50      0       0      11        0.0%
BITSFR10             0      0       0      11        0.0%
SFR10                0      0       0      11        0.0%
BITBANK4            50      0       0      12        0.0%
BITSFR11             0      0       0      12        0.0%
SFR11                0      0       0      12        0.0%
BANK4               50      0       0      13        0.0%
BITSFR12             0      0       0      13        0.0%
SFR12                0      0       0      13        0.0%
BITSFR13             0      0       0      14        0.0%
SFR13                0      0       0      14        0.0%
ABS                  0      0       0      14        0.0%
BITBANK5            50      0       0      15        0.0%
BITSFR14             0      0       0      15        0.0%
SFR14                0      0       0      15        0.0%
BANK5               50      0       0      16        0.0%
BITSFR15             0      0       0      16        0.0%
SFR15                0      0       0      16        0.0%
BITBANK6            50      0       0      17        0.0%
BITSFR16             0      0       0      17        0.0%
SFR16                0      0       0      17        0.0%
BANK6               50      0       0      18        0.0%
BITSFR17             0      0       0      18        0.0%
SFR17                0      0       0      18        0.0%
BITBANK7            50      0       0      19        0.0%
BITSFR18             0      0       0      19        0.0%
SFR18                0      0       0      19        0.0%
BANK7               50      0       0      20        0.0%
BITSFR19             0      0       0      20        0.0%
SFR19                0      0       0      20        0.0%
BITBANK8            50      0       0      21        0.0%
BITSFR20             0      0       0      21        0.0%
SFR20                0      0       0      21        0.0%
BANK8               50      0       0      22        0.0%
BITSFR21             0      0       0      22        0.0%
SFR21                0      0       0      22        0.0%
BITBANK9            50      0       0      23        0.0%
BITSFR22             0      0       0      23        0.0%
SFR22                0      0       0      23        0.0%
BANK9               50      0       0      24        0.0%
BITSFR23             0      0       0      24        0.0%
SFR23                0      0       0      24        0.0%
BITBANK10           50      0       0      25        0.0%
BITSFR24             0      0       0      25        0.0%
SFR24                0      0       0      25        0.0%
BANK10              50      0       0      26        0.0%
BITSFR25             0      0       0      26        0.0%
SFR25                0      0       0      26        0.0%
BITBANK11           50      0       0      27        0.0%
BITSFR26             0      0       0      27        0.0%
SFR26                0      0       0      27        0.0%
BITSFR27             0      0       0      28        0.0%
SFR27                0      0       0      28        0.0%
DATA                 0      0       0      28        0.0%
BANK11              50      0       0      29        0.0%
BITSFR28             0      0       0      29        0.0%
SFR28                0      0       0      29        0.0%
BITBANK12           50      0       0      30        0.0%
BITSFR29             0      0       0      30        0.0%
SFR29                0      0       0      30        0.0%
BANK12              50      0       0      31        0.0%
BITSFR30             0      0       0      31        0.0%
SFR30                0      0       0      31        0.0%
BITBANK13           50      0       0      32        0.0%
BITSFR31             0      0       0      32        0.0%
SFR31                0      0       0      32        0.0%
BANK13              50      0       0      33        0.0%
BITBANK14           50      0       0      34        0.0%
BANK14              50      0       0      35        0.0%
BITBANK15           50      0       0      36        0.0%
BANK15              50      0       0      37        0.0%
BITBANK16           50      0       0      38        0.0%
BANK16              50      0       0      39        0.0%
BITBANK17           50      0       0      40        0.0%
BANK17              50      0       0      41        0.0%
BITBANK18           50      0       0      42        0.0%
BANK18              50      0       0      43        0.0%
BITBANK19           50      0       0      44        0.0%
BANK19              50      0       0      45        0.0%
BITBANK20           50      0       0      46        0.0%
BANK20              50      0       0      47        0.0%
BITBANK21           50      0       0      48        0.0%
BANK21              50      0       0      49        0.0%
BITBANK22           50      0       0      50        0.0%
BANK22              50      0       0      51        0.0%
BITBANK23           50      0       0      52        0.0%
BANK23              50      0       0      53        0.0%
BITBANK24           50      0       0      54        0.0%
BANK24              50      0       0      55        0.0%
BITBANK25           20      0       0      56        0.0%
BANK25              20      0       0      57        0.0%


Microchip Technology PIC Macro Assembler V2.36 build 20220127204148 
Symbol Table                                                                                   Tue Jan 10 16:12:47 2023

                     l37 0770                       l38 0784                       u10 0770  
                     u11 076F                       u20 0784                       u21 0783  
                     u25 0780                      l600 07AA                      l610 07B6  
                    l602 07AC                      l620 07C3                      l612 07B9  
                    l604 07AF                      l630 07CF                      l622 07C5  
                    l614 07BB                      l606 07B1                      l640 07DC  
                    l632 07D2                      l624 07C8                      l616 07BE  
                    l608 07B4                      l570 0769                      l650 07E8  
                    l642 07DE                      l634 07D4                      l626 07CA  
                    l618 07C0                      l572 0771                      l564 0767  
                    l660 07F5                      l652 07EB                      l644 07E1  
                    l636 07D7                      l628 07CD                      l580 0793  
                    l662 07F7                      l654 07ED                      l646 07E3  
                    l638 07D9                      l590 079D                      l582 0795  
                    l574 0785                      l656 07F0                      l648 07E6  
                    l592 07A0                      l584 0797                      l576 078E  
                    l658 07F2                      l594 07A2                      l586 0798  
                    l578 0791                      l596 07A5                      l588 079B  
                    l598 07A7                      _PR2 001B                     _LATD 010F  
                   _PIR1 0011                     _TMR2 001A                     _main 0785  
                   btemp 007E                     start 0003                    ?_main 0070  
                  _T2CON 001C                    _TRISB 008D                    _TRISD 008F  
        __end_of_horloge 0785                    wtemp0 007E          __initialization 07FD  
           __end_of_main 07FD                   ??_main 0073                ??_horloge 0070  
__end_of__initialization 07FD           __pcstackCOMMON 0070               __pmaintext 0785  
                __ptext1 0767                  _horloge 0767     end_of_initialization 07FD  
    start_initialization 07FD                ___latbits 0003                 ?_horloge 0070  
               _LATBbits 010D                 _LATDbits 010F                 _PIR1bits 0011  
               horloge@i 0071  
